# JRE version: OpenJDK Runtime Environment Temurin-21.0.8+9 (21.0.8+9) (build 21.0.8+9-LTS)
# Java VM: OpenJDK 64-Bit Server VM Temurin-21.0.8+9 (21.0.8+9-LTS, mixed mode, sharing, tiered, compressed oops, compressed class ptrs, parallel gc, windows-amd64)
GC Precious Log:
 CardTable entry size: 512
 CPUs: 12 total, 12 available
 Memory: 15706M
 Large Page Support: Disabled
 NUMA Support: Disabled
 Compressed Oops: Enabled (32-bit)
 Alignments: Space 512K, Generation 512K, Heap 2M
 Heap Min Capacity: 100M
 Heap Initial Capacity: 100M
 Heap Max Capacity: 2G
 Pre-touch: Disabled
 Parallel Workers: 10
Heap:
 PSYoungGen      total 2048K, used 1442K [0x00000000d5580000, 0x00000000d5900000, 0x0000000100000000)
  eden space 1536K, 77% used [0x00000000d5580000,0x00000000d56a89e8,0x00000000d5700000)
  from space 512K, 50% used [0x00000000d5800000,0x00000000d5840000,0x00000000d5880000)
  to   space 512K, 0% used [0x00000000d5880000,0x00000000d5880000,0x00000000d5900000)
 ParOldGen       total 1278464K, used 243017K [0x0000000080000000, 0x00000000ce080000, 0x00000000d5580000)
  object space 1278464K, 19% used [0x0000000080000000,0x000000008ed52520,0x00000000ce080000)
 Metaspace       used 67829K, committed 69184K, reserved 1114112K
  class space    used 7732K, committed 8320K, reserved 1048576K
GC Heap History (20 events):
Event: 7982.538 GC heap before
{Heap before GC invocations=1867 (full 3):
 PSYoungGen      total 2048K, used 1760K [0x00000000d5580000, 0x00000000d5900000, 0x0000000100000000)
  eden space 1536K, 100% used [0x00000000d5580000,0x00000000d5700000,0x00000000d5700000)
  from space 512K, 43% used [0x00000000d5800000,0x00000000d5838000,0x00000000d5880000)
  to   space 512K, 0% used [0x00000000d5880000,0x00000000d5880000,0x00000000d5900000)
 ParOldGen       total 1278464K, used 242865K [0x0000000080000000, 0x00000000ce080000, 0x00000000d5580000)
  object space 1278464K, 18% used [0x0000000080000000,0x000000008ed2c520,0x00000000ce080000)
 Metaspace       used 67826K, committed 69184K, reserved 1114112K
  class space    used 7732K, committed 8320K, reserved 1048576K
}
Event: 7982.540 GC heap after
{Heap after GC invocations=1867 (full 3):
 PSYoungGen      total 2048K, used 256K [0x00000000d5580000, 0x00000000d5900000, 0x0000000100000000)
  eden space 1536K, 0% used [0x00000000d5580000,0x00000000d5580000,0x00000000d5700000)
  from space 512K, 50% used [0x00000000d5880000,0x00000000d58c0000,0x00000000d5900000)
  to   space 512K, 0% used [0x00000000d5800000,0x00000000d5800000,0x00000000d5880000)
 ParOldGen       total 1278464K, used 242921K [0x0000000080000000, 0x00000000ce080000, 0x00000000d5580000)
  object space 1278464K, 19% used [0x0000000080000000,0x000000008ed3a520,0x00000000ce080000)
 Metaspace       used 67826K, committed 69184K, reserved 1114112K
  class space    used 7732K, committed 8320K, reserved 1048576K
}
Event: 8045.591 GC heap before
{Heap before GC invocations=1868 (full 3):
 PSYoungGen      total 2048K, used 1792K [0x00000000d5580000, 0x00000000d5900000, 0x0000000100000000)
  eden space 1536K, 100% used [0x00000000d5580000,0x00000000d5700000,0x00000000d5700000)
  from space 512K, 50% used [0x00000000d5880000,0x00000000d58c0000,0x00000000d5900000)
  to   space 512K, 0% used [0x00000000d5800000,0x00000000d5800000,0x00000000d5880000)
 ParOldGen       total 1278464K, used 242921K [0x0000000080000000, 0x00000000ce080000, 0x00000000d5580000)
  object space 1278464K, 19% used [0x0000000080000000,0x000000008ed3a520,0x00000000ce080000)
 Metaspace       used 67826K, committed 69184K, reserved 1114112K
  class space    used 7732K, committed 8320K, reserved 1048576K
}
Event: 8045.594 GC heap after
{Heap after GC invocations=1868 (full 3):
 PSYoungGen      total 2048K, used 256K [0x00000000d5580000, 0x00000000d5900000, 0x0000000100000000)
  eden space 1536K, 0% used [0x00000000d5580000,0x00000000d5580000,0x00000000d5700000)
  from space 512K, 50% used [0x00000000d5800000,0x00000000d5840000,0x00000000d5880000)
  to   space 512K, 0% used [0x00000000d5880000,0x00000000d5880000,0x00000000d5900000)
 ParOldGen       total 1278464K, used 242921K [0x0000000080000000, 0x00000000ce080000, 0x00000000d5580000)
  object space 1278464K, 19% used [0x0000000080000000,0x000000008ed3a520,0x00000000ce080000)
 Metaspace       used 67826K, committed 69184K, reserved 1114112K
  class space    used 7732K, committed 8320K, reserved 1048576K
}
Event: 8080.533 GC heap before
{Heap before GC invocations=1869 (full 3):
 PSYoungGen      total 2048K, used 1792K [0x00000000d5580000, 0x00000000d5900000, 0x0000000100000000)
  eden space 1536K, 100% used [0x00000000d5580000,0x00000000d5700000,0x00000000d5700000)
  from space 512K, 50% used [0x00000000d5800000,0x00000000d5840000,0x00000000d5880000)
  to   space 512K, 0% used [0x00000000d5880000,0x00000000d5880000,0x00000000d5900000)
 ParOldGen       total 1278464K, used 242921K [0x0000000080000000, 0x00000000ce080000, 0x00000000d5580000)
  object space 1278464K, 19% used [0x0000000080000000,0x000000008ed3a520,0x00000000ce080000)
 Metaspace       used 67827K, committed 69184K, reserved 1114112K
  class space    used 7732K, committed 8320K, reserved 1048576K
}
Event: 8080.534 GC heap after
{Heap after GC invocations=1869 (full 3):
 PSYoungGen      total 2048K, used 256K [0x00000000d5580000, 0x00000000d5900000, 0x0000000100000000)
  eden space 1536K, 0% used [0x00000000d5580000,0x00000000d5580000,0x00000000d5700000)
  from space 512K, 50% used [0x00000000d5880000,0x00000000d58c0000,0x00000000d5900000)
  to   space 512K, 0% used [0x00000000d5800000,0x00000000d5800000,0x00000000d5880000)
 ParOldGen       total 1278464K, used 242945K [0x0000000080000000, 0x00000000ce080000, 0x00000000d5580000)
  object space 1278464K, 19% used [0x0000000080000000,0x000000008ed40520,0x00000000ce080000)
 Metaspace       used 67827K, committed 69184K, reserved 1114112K
  class space    used 7732K, committed 8320K, reserved 1048576K
}
Event: 8114.357 GC heap before
{Heap before GC invocations=1870 (full 3):
 PSYoungGen      total 2048K, used 1791K [0x00000000d5580000, 0x00000000d5900000, 0x0000000100000000)
  eden space 1536K, 99% used [0x00000000d5580000,0x00000000d56ffc68,0x00000000d5700000)
  from space 512K, 50% used [0x00000000d5880000,0x00000000d58c0000,0x00000000d5900000)
  to   space 512K, 0% used [0x00000000d5800000,0x00000000d5800000,0x00000000d5880000)
 ParOldGen       total 1278464K, used 242945K [0x0000000080000000, 0x00000000ce080000, 0x00000000d5580000)
  object space 1278464K, 19% used [0x0000000080000000,0x000000008ed40520,0x00000000ce080000)
 Metaspace       used 67827K, committed 69184K, reserved 1114112K
  class space    used 7732K, committed 8320K, reserved 1048576K
}
Event: 8114.358 GC heap after
{Heap after GC invocations=1870 (full 3):
 PSYoungGen      total 2048K, used 224K [0x00000000d5580000, 0x00000000d5900000, 0x0000000100000000)
  eden space 1536K, 0% used [0x00000000d5580000,0x00000000d5580000,0x00000000d5700000)
  from space 512K, 43% used [0x00000000d5800000,0x00000000d5838000,0x00000000d5880000)
  to   space 512K, 0% used [0x00000000d5880000,0x00000000d5880000,0x00000000d5900000)
 ParOldGen       total 1278464K, used 242945K [0x0000000080000000, 0x00000000ce080000, 0x00000000d5580000)
  object space 1278464K, 19% used [0x0000000080000000,0x000000008ed40520,0x00000000ce080000)
 Metaspace       used 67827K, committed 69184K, reserved 1114112K
  class space    used 7732K, committed 8320K, reserved 1048576K
}
Event: 8245.635 GC heap before
{Heap before GC invocations=1871 (full 3):
 PSYoungGen      total 2048K, used 1760K [0x00000000d5580000, 0x00000000d5900000, 0x0000000100000000)
  eden space 1536K, 100% used [0x00000000d5580000,0x00000000d5700000,0x00000000d5700000)
  from space 512K, 43% used [0x00000000d5800000,0x00000000d5838000,0x00000000d5880000)
  to   space 512K, 0% used [0x00000000d5880000,0x00000000d5880000,0x00000000d5900000)
 ParOldGen       total 1278464K, used 242945K [0x0000000080000000, 0x00000000ce080000, 0x00000000d5580000)
  object space 1278464K, 19% used [0x0000000080000000,0x000000008ed40520,0x00000000ce080000)
 Metaspace       used 67827K, committed 69184K, reserved 1114112K
  class space    used 7732K, committed 8320K, reserved 1048576K
}
Event: 8245.636 GC heap after
{Heap after GC invocations=1871 (full 3):
 PSYoungGen      total 2048K, used 224K [0x00000000d5580000, 0x00000000d5900000, 0x0000000100000000)
  eden space 1536K, 0% used [0x00000000d5580000,0x00000000d5580000,0x00000000d5700000)
  from space 512K, 43% used [0x00000000d5880000,0x00000000d58b8000,0x00000000d5900000)
  to   space 512K, 0% used [0x00000000d5800000,0x00000000d5800000,0x00000000d5880000)
 ParOldGen       total 1278464K, used 242945K [0x0000000080000000, 0x00000000ce080000, 0x00000000d5580000)
  object space 1278464K, 19% used [0x0000000080000000,0x000000008ed40520,0x00000000ce080000)
 Metaspace       used 67827K, committed 69184K, reserved 1114112K
  class space    used 7732K, committed 8320K, reserved 1048576K
}
Event: 8532.348 GC heap before
{Heap before GC invocations=1872 (full 3):
 PSYoungGen      total 2048K, used 1760K [0x00000000d5580000, 0x00000000d5900000, 0x0000000100000000)
  eden space 1536K, 100% used [0x00000000d5580000,0x00000000d5700000,0x00000000d5700000)
  from space 512K, 43% used [0x00000000d5880000,0x00000000d58b8000,0x00000000d5900000)
  to   space 512K, 0% used [0x00000000d5800000,0x00000000d5800000,0x00000000d5880000)
 ParOldGen       total 1278464K, used 242945K [0x0000000080000000, 0x00000000ce080000, 0x00000000d5580000)
  object space 1278464K, 19% used [0x0000000080000000,0x000000008ed40520,0x00000000ce080000)
 Metaspace       used 67827K, committed 69184K, reserved 1114112K
  class space    used 7732K, committed 8320K, reserved 1048576K
}
Event: 8532.350 GC heap after
{Heap after GC invocations=1872 (full 3):
 PSYoungGen      total 2048K, used 160K [0x00000000d5580000, 0x00000000d5900000, 0x0000000100000000)
  eden space 1536K, 0% used [0x00000000d5580000,0x00000000d5580000,0x00000000d5700000)
  from space 512K, 31% used [0x00000000d5800000,0x00000000d5828000,0x00000000d5880000)
  to   space 512K, 0% used [0x00000000d5880000,0x00000000d5880000,0x00000000d5900000)
 ParOldGen       total 1278464K, used 242945K [0x0000000080000000, 0x00000000ce080000, 0x00000000d5580000)
  object space 1278464K, 19% used [0x0000000080000000,0x000000008ed40520,0x00000000ce080000)
 Metaspace       used 67827K, committed 69184K, reserved 1114112K
  class space    used 7732K, committed 8320K, reserved 1048576K
}
Event: 8554.860 GC heap before
{Heap before GC invocations=1873 (full 3):
 PSYoungGen      total 2048K, used 1696K [0x00000000d5580000, 0x00000000d5900000, 0x0000000100000000)
  eden space 1536K, 100% used [0x00000000d5580000,0x00000000d5700000,0x00000000d5700000)
  from space 512K, 31% used [0x00000000d5800000,0x00000000d5828000,0x00000000d5880000)
  to   space 512K, 0% used [0x00000000d5880000,0x00000000d5880000,0x00000000d5900000)
 ParOldGen       total 1278464K, used 242945K [0x0000000080000000, 0x00000000ce080000, 0x00000000d5580000)
  object space 1278464K, 19% used [0x0000000080000000,0x000000008ed40520,0x00000000ce080000)
 Metaspace       used 67827K, committed 69184K, reserved 1114112K
  class space    used 7732K, committed 8320K, reserved 1048576K
}
Event: 8554.862 GC heap after
{Heap after GC invocations=1873 (full 3):
 PSYoungGen      total 2048K, used 224K [0x00000000d5580000, 0x00000000d5900000, 0x0000000100000000)
  eden space 1536K, 0% used [0x00000000d5580000,0x00000000d5580000,0x00000000d5700000)
  from space 512K, 43% used [0x00000000d5880000,0x00000000d58b8000,0x00000000d5900000)
  to   space 512K, 0% used [0x00000000d5800000,0x00000000d5800000,0x00000000d5880000)
 ParOldGen       total 1278464K, used 242985K [0x0000000080000000, 0x00000000ce080000, 0x00000000d5580000)
  object space 1278464K, 19% used [0x0000000080000000,0x000000008ed4a520,0x00000000ce080000)
 Metaspace       used 67827K, committed 69184K, reserved 1114112K
  class space    used 7732K, committed 8320K, reserved 1048576K
}
Event: 8563.955 GC heap before
{Heap before GC invocations=1874 (full 3):
 PSYoungGen      total 2048K, used 1760K [0x00000000d5580000, 0x00000000d5900000, 0x0000000100000000)
  eden space 1536K, 100% used [0x00000000d5580000,0x00000000d5700000,0x00000000d5700000)
  from space 512K, 43% used [0x00000000d5880000,0x00000000d58b8000,0x00000000d5900000)
  to   space 512K, 0% used [0x00000000d5800000,0x00000000d5800000,0x00000000d5880000)
 ParOldGen       total 1278464K, used 242985K [0x0000000080000000, 0x00000000ce080000, 0x00000000d5580000)
  object space 1278464K, 19% used [0x0000000080000000,0x000000008ed4a520,0x00000000ce080000)
 Metaspace       used 67827K, committed 69184K, reserved 1114112K
  class space    used 7732K, committed 8320K, reserved 1048576K
}
Event: 8563.956 GC heap after
{Heap after GC invocations=1874 (full 3):
 PSYoungGen      total 2048K, used 160K [0x00000000d5580000, 0x00000000d5900000, 0x0000000100000000)
  eden space 1536K, 0% used [0x00000000d5580000,0x00000000d5580000,0x00000000d5700000)
  from space 512K, 31% used [0x00000000d5800000,0x00000000d5828000,0x00000000d5880000)
  to   space 512K, 0% used [0x00000000d5880000,0x00000000d5880000,0x00000000d5900000)
 ParOldGen       total 1278464K, used 243017K [0x0000000080000000, 0x00000000ce080000, 0x00000000d5580000)
  object space 1278464K, 19% used [0x0000000080000000,0x000000008ed52520,0x00000000ce080000)
 Metaspace       used 67827K, committed 69184K, reserved 1114112K
  class space    used 7732K, committed 8320K, reserved 1048576K
}
Event: 8955.431 GC heap before
{Heap before GC invocations=1875 (full 3):
 PSYoungGen      total 2048K, used 1696K [0x00000000d5580000, 0x00000000d5900000, 0x0000000100000000)
  eden space 1536K, 100% used [0x00000000d5580000,0x00000000d5700000,0x00000000d5700000)
  from space 512K, 31% used [0x00000000d5800000,0x00000000d5828000,0x00000000d5880000)
  to   space 512K, 0% used [0x00000000d5880000,0x00000000d5880000,0x00000000d5900000)
 ParOldGen       total 1278464K, used 243017K [0x0000000080000000, 0x00000000ce080000, 0x00000000d5580000)
  object space 1278464K, 19% used [0x0000000080000000,0x000000008ed52520,0x00000000ce080000)
 Metaspace       used 67829K, committed 69184K, reserved 1114112K
  class space    used 7732K, committed 8320K, reserved 1048576K
}
Event: 8955.432 GC heap after
{Heap after GC invocations=1875 (full 3):
 PSYoungGen      total 2048K, used 192K [0x00000000d5580000, 0x00000000d5900000, 0x0000000100000000)
  eden space 1536K, 0% used [0x00000000d5580000,0x00000000d5580000,0x00000000d5700000)
  from space 512K, 37% used [0x00000000d5880000,0x00000000d58b0000,0x00000000d5900000)
  to   space 512K, 0% used [0x00000000d5800000,0x00000000d5800000,0x00000000d5880000)
 ParOldGen       total 1278464K, used 243017K [0x0000000080000000, 0x00000000ce080000, 0x00000000d5580000)
  object space 1278464K, 19% used [0x0000000080000000,0x000000008ed52520,0x00000000ce080000)
 Metaspace       used 67829K, committed 69184K, reserved 1114112K
  class space    used 7732K, committed 8320K, reserved 1048576K
}
Event: 9173.399 GC heap before
{Heap before GC invocations=1876 (full 3):
 PSYoungGen      total 2048K, used 1728K [0x00000000d5580000, 0x00000000d5900000, 0x0000000100000000)
  eden space 1536K, 100% used [0x00000000d5580000,0x00000000d5700000,0x00000000d5700000)
  from space 512K, 37% used [0x00000000d5880000,0x00000000d58b0000,0x00000000d5900000)
  to   space 512K, 0% used [0x00000000d5800000,0x00000000d5800000,0x00000000d5880000)
 ParOldGen       total 1278464K, used 243017K [0x0000000080000000, 0x00000000ce080000, 0x00000000d5580000)
  object space 1278464K, 19% used [0x0000000080000000,0x000000008ed52520,0x00000000ce080000)
 Metaspace       used 67829K, committed 69184K, reserved 1114112K
  class space    used 7732K, committed 8320K, reserved 1048576K
}
Event: 9173.400 GC heap after
{Heap after GC invocations=1876 (full 3):
 PSYoungGen      total 2048K, used 256K [0x00000000d5580000, 0x00000000d5900000, 0x0000000100000000)
  eden space 1536K, 0% used [0x00000000d5580000,0x00000000d5580000,0x00000000d5700000)
  from space 512K, 50% used [0x00000000d5800000,0x00000000d5840000,0x00000000d5880000)
  to   space 512K, 0% used [0x00000000d5880000,0x00000000d5880000,0x00000000d5900000)
 ParOldGen       total 1278464K, used 243017K [0x0000000080000000, 0x00000000ce080000, 0x00000000d5580000)
  object space 1278464K, 19% used [0x0000000080000000,0x000000008ed52520,0x00000000ce080000)
 Metaspace       used 67829K, committed 69184K, reserved 1114112K
  class space    used 7732K, committed 8320K, reserved 1048576K
}

