# JRE version: OpenJDK Runtime Environment Temurin-21.0.8+9 (21.0.8+9) (build 21.0.8+9-LTS)
# Java VM: OpenJDK 64-Bit Server VM Temurin-21.0.8+9 (21.0.8+9-LTS, mixed mode, sharing, tiered, compressed oops, compressed class ptrs, parallel gc, windows-amd64)
GC Precious Log:
 CardTable entry size: 512
 CPUs: 12 total, 12 available
 Memory: 15706M
 Large Page Support: Disabled
 NUMA Support: Disabled
 Compressed Oops: Enabled (32-bit)
 Alignments: Space 512K, Generation 512K, Heap 2M
 Heap Min Capacity: 100M
 Heap Initial Capacity: 100M
 Heap Max Capacity: 2G
 Pre-touch: Disabled
 Parallel Workers: 10
Heap:
 PSYoungGen      total 3584K, used 2524K [0x00000000d5580000, 0x00000000d5a00000, 0x0000000100000000)
  eden space 3072K, 71% used [0x00000000d5580000,0x00000000d57a7230,0x00000000d5880000)
  from space 512K, 62% used [0x00000000d5900000,0x00000000d5950000,0x00000000d5980000)
  to   space 512K, 0% used [0x00000000d5980000,0x00000000d5980000,0x00000000d5a00000)
 ParOldGen       total 935424K, used 935115K [0x0000000080000000, 0x00000000b9180000, 0x00000000d5580000)
  object space 935424K, 99% used [0x0000000080000000,0x00000000b9132d60,0x00000000b9180000)
 Metaspace       used 67751K, committed 69184K, reserved 1114112K
  class space    used 7733K, committed 8384K, reserved 1048576K
GC Heap History (20 events):
Event: 74.974 GC heap before
{Heap before GC invocations=2651 (full 3):
 PSYoungGen      total 4608K, used 3584K [0x00000000d5580000, 0x00000000d5c00000, 0x0000000100000000)
  eden space 2048K, 100% used [0x00000000d5580000,0x00000000d5780000,0x00000000d5780000)
  from space 2560K, 60% used [0x00000000d5780000,0x00000000d5900000,0x00000000d5a00000)
  to   space 2048K, 0% used [0x00000000d5a00000,0x00000000d5a00000,0x00000000d5c00000)
 ParOldGen       total 931840K, used 931579K [0x0000000080000000, 0x00000000b8e00000, 0x00000000d5580000)
  object space 931840K, 99% used [0x0000000080000000,0x00000000b8dbed60,0x00000000b8e00000)
 Metaspace       used 67422K, committed 68864K, reserved 1114112K
  class space    used 7702K, committed 8320K, reserved 1048576K
}
Event: 74.977 GC heap after
{Heap after GC invocations=2651 (full 3):
 PSYoungGen      total 4608K, used 1728K [0x00000000d5580000, 0x00000000d5c00000, 0x0000000100000000)
  eden space 2560K, 0% used [0x00000000d5580000,0x00000000d5580000,0x00000000d5800000)
  from space 2048K, 84% used [0x00000000d5a00000,0x00000000d5bb0000,0x00000000d5c00000)
  to   space 2048K, 0% used [0x00000000d5800000,0x00000000d5800000,0x00000000d5a00000)
 ParOldGen       total 933376K, used 932995K [0x0000000080000000, 0x00000000b8f80000, 0x00000000d5580000)
  object space 933376K, 99% used [0x0000000080000000,0x00000000b8f20d60,0x00000000b8f80000)
 Metaspace       used 67422K, committed 68864K, reserved 1114112K
  class space    used 7702K, committed 8320K, reserved 1048576K
}
Event: 75.027 GC heap before
{Heap before GC invocations=2652 (full 3):
 PSYoungGen      total 4608K, used 4288K [0x00000000d5580000, 0x00000000d5c00000, 0x0000000100000000)
  eden space 2560K, 100% used [0x00000000d5580000,0x00000000d5800000,0x00000000d5800000)
  from space 2048K, 84% used [0x00000000d5a00000,0x00000000d5bb0000,0x00000000d5c00000)
  to   space 2048K, 0% used [0x00000000d5800000,0x00000000d5800000,0x00000000d5a00000)
 ParOldGen       total 933376K, used 932995K [0x0000000080000000, 0x00000000b8f80000, 0x00000000d5580000)
  object space 933376K, 99% used [0x0000000080000000,0x00000000b8f20d60,0x00000000b8f80000)
 Metaspace       used 67433K, committed 68864K, reserved 1114112K
  class space    used 7702K, committed 8320K, reserved 1048576K
}
Event: 75.029 GC heap after
{Heap after GC invocations=2652 (full 3):
 PSYoungGen      total 3072K, used 320K [0x00000000d5580000, 0x00000000d5a80000, 0x0000000100000000)
  eden space 2560K, 0% used [0x00000000d5580000,0x00000000d5580000,0x00000000d5800000)
  from space 512K, 62% used [0x00000000d5800000,0x00000000d5850000,0x00000000d5880000)
  to   space 1024K, 0% used [0x00000000d5980000,0x00000000d5980000,0x00000000d5a80000)
 ParOldGen       total 934912K, used 934619K [0x0000000080000000, 0x00000000b9100000, 0x00000000d5580000)
  object space 934912K, 99% used [0x0000000080000000,0x00000000b90b6d60,0x00000000b9100000)
 Metaspace       used 67433K, committed 68864K, reserved 1114112K
  class space    used 7702K, committed 8320K, reserved 1048576K
}
Event: 75.074 GC heap before
{Heap before GC invocations=2653 (full 3):
 PSYoungGen      total 3072K, used 2880K [0x00000000d5580000, 0x00000000d5a80000, 0x0000000100000000)
  eden space 2560K, 100% used [0x00000000d5580000,0x00000000d5800000,0x00000000d5800000)
  from space 512K, 62% used [0x00000000d5800000,0x00000000d5850000,0x00000000d5880000)
  to   space 1024K, 0% used [0x00000000d5980000,0x00000000d5980000,0x00000000d5a80000)
 ParOldGen       total 934912K, used 934619K [0x0000000080000000, 0x00000000b9100000, 0x00000000d5580000)
  object space 934912K, 99% used [0x0000000080000000,0x00000000b90b6d60,0x00000000b9100000)
 Metaspace       used 67438K, committed 68864K, reserved 1114112K
  class space    used 7702K, committed 8320K, reserved 1048576K
}
Event: 75.076 GC heap after
{Heap after GC invocations=2653 (full 3):
 PSYoungGen      total 3584K, used 256K [0x00000000d5580000, 0x00000000d5a00000, 0x0000000100000000)
  eden space 3072K, 0% used [0x00000000d5580000,0x00000000d5580000,0x00000000d5880000)
  from space 512K, 50% used [0x00000000d5980000,0x00000000d59c0000,0x00000000d5a00000)
  to   space 512K, 0% used [0x00000000d5900000,0x00000000d5900000,0x00000000d5980000)
 ParOldGen       total 934912K, used 934843K [0x0000000080000000, 0x00000000b9100000, 0x00000000d5580000)
  object space 934912K, 99% used [0x0000000080000000,0x00000000b90eed60,0x00000000b9100000)
 Metaspace       used 67438K, committed 68864K, reserved 1114112K
  class space    used 7702K, committed 8320K, reserved 1048576K
}
Event: 75.122 GC heap before
{Heap before GC invocations=2654 (full 3):
 PSYoungGen      total 3584K, used 3320K [0x00000000d5580000, 0x00000000d5a00000, 0x0000000100000000)
  eden space 3072K, 99% used [0x00000000d5580000,0x00000000d587e380,0x00000000d5880000)
  from space 512K, 50% used [0x00000000d5980000,0x00000000d59c0000,0x00000000d5a00000)
  to   space 512K, 0% used [0x00000000d5900000,0x00000000d5900000,0x00000000d5980000)
 ParOldGen       total 934912K, used 934843K [0x0000000080000000, 0x00000000b9100000, 0x00000000d5580000)
  object space 934912K, 99% used [0x0000000080000000,0x00000000b90eed60,0x00000000b9100000)
 Metaspace       used 67449K, committed 68928K, reserved 1114112K
  class space    used 7702K, committed 8320K, reserved 1048576K
}
Event: 75.124 GC heap after
{Heap after GC invocations=2654 (full 3):
 PSYoungGen      total 3584K, used 256K [0x00000000d5580000, 0x00000000d5a00000, 0x0000000100000000)
  eden space 3072K, 0% used [0x00000000d5580000,0x00000000d5580000,0x00000000d5880000)
  from space 512K, 50% used [0x00000000d5900000,0x00000000d5940000,0x00000000d5980000)
  to   space 512K, 0% used [0x00000000d5980000,0x00000000d5980000,0x00000000d5a00000)
 ParOldGen       total 934912K, used 934867K [0x0000000080000000, 0x00000000b9100000, 0x00000000d5580000)
  object space 934912K, 99% used [0x0000000080000000,0x00000000b90f4d60,0x00000000b9100000)
 Metaspace       used 67449K, committed 68928K, reserved 1114112K
  class space    used 7702K, committed 8320K, reserved 1048576K
}
Event: 75.176 GC heap before
{Heap before GC invocations=2655 (full 3):
 PSYoungGen      total 3584K, used 3328K [0x00000000d5580000, 0x00000000d5a00000, 0x0000000100000000)
  eden space 3072K, 100% used [0x00000000d5580000,0x00000000d5880000,0x00000000d5880000)
  from space 512K, 50% used [0x00000000d5900000,0x00000000d5940000,0x00000000d5980000)
  to   space 512K, 0% used [0x00000000d5980000,0x00000000d5980000,0x00000000d5a00000)
 ParOldGen       total 934912K, used 934867K [0x0000000080000000, 0x00000000b9100000, 0x00000000d5580000)
  object space 934912K, 99% used [0x0000000080000000,0x00000000b90f4d60,0x00000000b9100000)
 Metaspace       used 67452K, committed 68928K, reserved 1114112K
  class space    used 7702K, committed 8320K, reserved 1048576K
}
Event: 75.177 GC heap after
{Heap after GC invocations=2655 (full 3):
 PSYoungGen      total 3584K, used 256K [0x00000000d5580000, 0x00000000d5a00000, 0x0000000100000000)
  eden space 3072K, 0% used [0x00000000d5580000,0x00000000d5580000,0x00000000d5880000)
  from space 512K, 50% used [0x00000000d5980000,0x00000000d59c0000,0x00000000d5a00000)
  to   space 512K, 0% used [0x00000000d5900000,0x00000000d5900000,0x00000000d5980000)
 ParOldGen       total 935424K, used 934923K [0x0000000080000000, 0x00000000b9180000, 0x00000000d5580000)
  object space 935424K, 99% used [0x0000000080000000,0x00000000b9102d60,0x00000000b9180000)
 Metaspace       used 67452K, committed 68928K, reserved 1114112K
  class space    used 7702K, committed 8320K, reserved 1048576K
}
Event: 75.244 GC heap before
{Heap before GC invocations=2656 (full 3):
 PSYoungGen      total 3584K, used 3328K [0x00000000d5580000, 0x00000000d5a00000, 0x0000000100000000)
  eden space 3072K, 100% used [0x00000000d5580000,0x00000000d5880000,0x00000000d5880000)
  from space 512K, 50% used [0x00000000d5980000,0x00000000d59c0000,0x00000000d5a00000)
  to   space 512K, 0% used [0x00000000d5900000,0x00000000d5900000,0x00000000d5980000)
 ParOldGen       total 935424K, used 934923K [0x0000000080000000, 0x00000000b9180000, 0x00000000d5580000)
  object space 935424K, 99% used [0x0000000080000000,0x00000000b9102d60,0x00000000b9180000)
 Metaspace       used 67469K, committed 68928K, reserved 1114112K
  class space    used 7702K, committed 8320K, reserved 1048576K
}
Event: 75.246 GC heap after
{Heap after GC invocations=2656 (full 3):
 PSYoungGen      total 3584K, used 224K [0x00000000d5580000, 0x00000000d5a00000, 0x0000000100000000)
  eden space 3072K, 0% used [0x00000000d5580000,0x00000000d5580000,0x00000000d5880000)
  from space 512K, 43% used [0x00000000d5900000,0x00000000d5938000,0x00000000d5980000)
  to   space 512K, 0% used [0x00000000d5980000,0x00000000d5980000,0x00000000d5a00000)
 ParOldGen       total 935424K, used 934939K [0x0000000080000000, 0x00000000b9180000, 0x00000000d5580000)
  object space 935424K, 99% used [0x0000000080000000,0x00000000b9106d60,0x00000000b9180000)
 Metaspace       used 67469K, committed 68928K, reserved 1114112K
  class space    used 7702K, committed 8320K, reserved 1048576K
}
Event: 75.388 GC heap before
{Heap before GC invocations=2657 (full 3):
 PSYoungGen      total 3584K, used 3296K [0x00000000d5580000, 0x00000000d5a00000, 0x0000000100000000)
  eden space 3072K, 100% used [0x00000000d5580000,0x00000000d5880000,0x00000000d5880000)
  from space 512K, 43% used [0x00000000d5900000,0x00000000d5938000,0x00000000d5980000)
  to   space 512K, 0% used [0x00000000d5980000,0x00000000d5980000,0x00000000d5a00000)
 ParOldGen       total 935424K, used 934939K [0x0000000080000000, 0x00000000b9180000, 0x00000000d5580000)
  object space 935424K, 99% used [0x0000000080000000,0x00000000b9106d60,0x00000000b9180000)
 Metaspace       used 67488K, committed 68992K, reserved 1114112K
  class space    used 7702K, committed 8320K, reserved 1048576K
}
Event: 75.391 GC heap after
{Heap after GC invocations=2657 (full 3):
 PSYoungGen      total 3584K, used 224K [0x00000000d5580000, 0x00000000d5a00000, 0x0000000100000000)
  eden space 3072K, 0% used [0x00000000d5580000,0x00000000d5580000,0x00000000d5880000)
  from space 512K, 43% used [0x00000000d5980000,0x00000000d59b8000,0x00000000d5a00000)
  to   space 512K, 0% used [0x00000000d5900000,0x00000000d5900000,0x00000000d5980000)
 ParOldGen       total 935424K, used 934987K [0x0000000080000000, 0x00000000b9180000, 0x00000000d5580000)
  object space 935424K, 99% used [0x0000000080000000,0x00000000b9112d60,0x00000000b9180000)
 Metaspace       used 67488K, committed 68992K, reserved 1114112K
  class space    used 7702K, committed 8320K, reserved 1048576K
}
Event: 187.853 GC heap before
{Heap before GC invocations=2658 (full 3):
 PSYoungGen      total 3584K, used 3296K [0x00000000d5580000, 0x00000000d5a00000, 0x0000000100000000)
  eden space 3072K, 100% used [0x00000000d5580000,0x00000000d5880000,0x00000000d5880000)
  from space 512K, 43% used [0x00000000d5980000,0x00000000d59b8000,0x00000000d5a00000)
  to   space 512K, 0% used [0x00000000d5900000,0x00000000d5900000,0x00000000d5980000)
 ParOldGen       total 935424K, used 934987K [0x0000000080000000, 0x00000000b9180000, 0x00000000d5580000)
  object space 935424K, 99% used [0x0000000080000000,0x00000000b9112d60,0x00000000b9180000)
 Metaspace       used 67519K, committed 68992K, reserved 1114112K
  class space    used 7706K, committed 8320K, reserved 1048576K
}
Event: 187.858 GC heap after
{Heap after GC invocations=2658 (full 3):
 PSYoungGen      total 3584K, used 320K [0x00000000d5580000, 0x00000000d5a00000, 0x0000000100000000)
  eden space 3072K, 0% used [0x00000000d5580000,0x00000000d5580000,0x00000000d5880000)
  from space 512K, 62% used [0x00000000d5900000,0x00000000d5950000,0x00000000d5980000)
  to   space 512K, 0% used [0x00000000d5980000,0x00000000d5980000,0x00000000d5a00000)
 ParOldGen       total 935424K, used 935051K [0x0000000080000000, 0x00000000b9180000, 0x00000000d5580000)
  object space 935424K, 99% used [0x0000000080000000,0x00000000b9122d60,0x00000000b9180000)
 Metaspace       used 67519K, committed 68992K, reserved 1114112K
  class space    used 7706K, committed 8320K, reserved 1048576K
}
Event: 266.549 GC heap before
{Heap before GC invocations=2659 (full 3):
 PSYoungGen      total 3584K, used 3391K [0x00000000d5580000, 0x00000000d5a00000, 0x0000000100000000)
  eden space 3072K, 99% used [0x00000000d5580000,0x00000000d587ffd0,0x00000000d5880000)
  from space 512K, 62% used [0x00000000d5900000,0x00000000d5950000,0x00000000d5980000)
  to   space 512K, 0% used [0x00000000d5980000,0x00000000d5980000,0x00000000d5a00000)
 ParOldGen       total 935424K, used 935051K [0x0000000080000000, 0x00000000b9180000, 0x00000000d5580000)
  object space 935424K, 99% used [0x0000000080000000,0x00000000b9122d60,0x00000000b9180000)
 Metaspace       used 67529K, committed 68992K, reserved 1114112K
  class space    used 7706K, committed 8320K, reserved 1048576K
}
Event: 266.551 GC heap after
{Heap after GC invocations=2659 (full 3):
 PSYoungGen      total 3584K, used 224K [0x00000000d5580000, 0x00000000d5a00000, 0x0000000100000000)
  eden space 3072K, 0% used [0x00000000d5580000,0x00000000d5580000,0x00000000d5880000)
  from space 512K, 43% used [0x00000000d5980000,0x00000000d59b8000,0x00000000d5a00000)
  to   space 512K, 0% used [0x00000000d5900000,0x00000000d5900000,0x00000000d5980000)
 ParOldGen       total 935424K, used 935115K [0x0000000080000000, 0x00000000b9180000, 0x00000000d5580000)
  object space 935424K, 99% used [0x0000000080000000,0x00000000b9132d60,0x00000000b9180000)
 Metaspace       used 67529K, committed 68992K, reserved 1114112K
  class space    used 7706K, committed 8320K, reserved 1048576K
}
Event: 329.369 GC heap before
{Heap before GC invocations=2660 (full 3):
 PSYoungGen      total 3584K, used 3295K [0x00000000d5580000, 0x00000000d5a00000, 0x0000000100000000)
  eden space 3072K, 99% used [0x00000000d5580000,0x00000000d587ff88,0x00000000d5880000)
  from space 512K, 43% used [0x00000000d5980000,0x00000000d59b8000,0x00000000d5a00000)
  to   space 512K, 0% used [0x00000000d5900000,0x00000000d5900000,0x00000000d5980000)
 ParOldGen       total 935424K, used 935115K [0x0000000080000000, 0x00000000b9180000, 0x00000000d5580000)
  object space 935424K, 99% used [0x0000000080000000,0x00000000b9132d60,0x00000000b9180000)
 Metaspace       used 67652K, committed 69184K, reserved 1114112K
  class space    used 7725K, committed 8384K, reserved 1048576K
}
Event: 329.371 GC heap after
{Heap after GC invocations=2660 (full 3):
 PSYoungGen      total 3584K, used 320K [0x00000000d5580000, 0x00000000d5a00000, 0x0000000100000000)
  eden space 3072K, 0% used [0x00000000d5580000,0x00000000d5580000,0x00000000d5880000)
  from space 512K, 62% used [0x00000000d5900000,0x00000000d5950000,0x00000000d5980000)
  to   space 512K, 0% used [0x00000000d5980000,0x00000000d5980000,0x00000000d5a00000)
 ParOldGen       total 935424K, used 935115K [0x0000000080000000, 0x00000000b9180000, 0x00000000d5580000)
  object space 935424K, 99% used [0x0000000080000000,0x00000000b9132d60,0x00000000b9180000)
 Metaspace       used 67652K, committed 69184K, reserved 1114112K
  class space    used 7725K, committed 8384K, reserved 1048576K
}

